2025-04-29 13:58:45,945 - INFO - Starting SQL execution script
2025-04-29 13:58:45,947 - INFO - Found 168 SQL files to execute
2025-04-29 13:58:48,713 - INFO - Connected to database successfully
2025-04-29 13:58:48,714 - INFO - Executing V1.0.0__CREATE_SCHEMA.sql...
2025-04-29 13:58:48,729 - INFO - Successfully executed V1.0.0__CREATE_SCHEMA.sql
2025-04-29 13:58:48,730 - INFO - Executing V1.1.0__CREATE_CUSTOMER_TABLE.sql...
2025-04-29 13:58:48,745 - INFO - Successfully executed V1.1.0__CREATE_CUSTOMER_TABLE.sql
2025-04-29 13:58:48,746 - INFO - Executing V1.1.1__CREATE_REAL_ESTATE_TABLES.sql...
2025-04-29 13:58:48,791 - INFO - Successfully executed V1.1.1__CREATE_REAL_ESTATE_TABLES.sql
2025-04-29 13:58:48,791 - INFO - Executing V1.1.2__CREATE_PERSONAL_PROPERTY_TABLES.sql...
2025-04-29 13:58:48,967 - INFO - Successfully executed V1.1.2__CREATE_PERSONAL_PROPERTY_TABLES.sql
2025-04-29 13:58:48,968 - INFO - Executing V1.1.3__CREATE_POPULATE_LOOKUP_TABLES.sql...
2025-04-29 13:58:48,988 - INFO - Successfully executed V1.1.3__CREATE_POPULATE_LOOKUP_TABLES.sql
2025-04-29 13:58:48,988 - INFO - Executing V1.1.4__CREATE_POPULATE_LOOKUP_STATE_COUNTIES.sql...
2025-04-29 13:58:49,030 - INFO - Successfully executed V1.1.4__CREATE_POPULATE_LOOKUP_STATE_COUNTIES.sql
2025-04-29 13:58:49,030 - INFO - Executing V1.1.5__CREATE_LIFE_INSURANCE_TABLE.sql...
2025-04-29 13:58:49,047 - INFO - Successfully executed V1.1.5__CREATE_LIFE_INSURANCE_TABLE.sql
2025-04-29 13:58:49,047 - INFO - Executing V1.1.6__CREATE_TRAILER_TABLE.sql...
2025-04-29 13:58:49,070 - INFO - Successfully executed V1.1.6__CREATE_TRAILER_TABLE.sql
2025-04-29 13:58:49,071 - INFO - Executing V1.1.7__UPDATE_COLLATERAL_CASH_INVESTMENT_TABLE.sql...
2025-04-29 13:58:49,105 - INFO - Successfully executed V1.1.7__UPDATE_COLLATERAL_CASH_INVESTMENT_TABLE.sql
2025-04-29 13:58:49,106 - INFO - Executing V1.1.8__UPDATE_COLLATERAL_CASH_INVESTMENT_COLUMN.sql...
2025-04-29 13:58:49,116 - INFO - Successfully executed V1.1.8__UPDATE_COLLATERAL_CASH_INVESTMENT_COLUMN.sql
2025-04-29 13:58:49,116 - INFO - Executing V1.1.9__ADD_LOOKUPS_.sql...
2025-04-29 13:58:49,119 - INFO - Successfully executed V1.1.9__ADD_LOOKUPS_.sql
2025-04-29 13:58:49,119 - INFO - Executing V1.1.10__UPDATE_COLLATERAL_PLEDGED_NOTE_TABLE.sql...
2025-04-29 13:58:49,137 - INFO - Successfully executed V1.1.10__UPDATE_COLLATERAL_PLEDGED_NOTE_TABLE.sql
2025-04-29 13:58:49,137 - INFO - Executing V1.1.11__CREATE_LIFE_INSURANCE_LOOKUPS.sql...
2025-04-29 13:58:49,141 - INFO - Successfully executed V1.1.11__CREATE_LIFE_INSURANCE_LOOKUPS.sql
2025-04-29 13:58:49,141 - INFO - Executing V1.1.12__UPDATE_LIFE_INSURANCE_LOOKUPS.sql...
2025-04-29 13:58:49,151 - INFO - Successfully executed V1.1.12__UPDATE_LIFE_INSURANCE_LOOKUPS.sql
2025-04-29 13:58:49,151 - INFO - Executing V1.1.13__RECREATE_LIFE_INSURANCE_TABLE.sql...
2025-04-29 13:58:49,161 - INFO - Successfully executed V1.1.13__RECREATE_LIFE_INSURANCE_TABLE.sql
2025-04-29 13:58:49,161 - INFO - Executing V1.1.14__UPDATE_PLEDGED_NOTE_COLUMNS.sql...
2025-04-29 13:58:49,175 - INFO - Successfully executed V1.1.14__UPDATE_PLEDGED_NOTE_COLUMNS.sql
2025-04-29 13:58:49,175 - INFO - Executing V1.1.15__UPDATE_COLLATERAL_RECEIVABLES_BONDS.sql...
2025-04-29 13:58:49,187 - INFO - Successfully executed V1.1.15__UPDATE_COLLATERAL_RECEIVABLES_BONDS.sql
2025-04-29 13:58:49,187 - INFO - Executing V1.1.16__UPDATE_RELEASE_DATE_FROM_INDIVIDUAL_TABLES_AND_ADD_MULTIPLE.sql...
2025-04-29 13:58:49,196 - INFO - Successfully executed V1.1.16__UPDATE_RELEASE_DATE_FROM_INDIVIDUAL_TABLES_AND_ADD_MULTIPLE.sql
2025-04-29 13:58:49,196 - INFO - Executing V1.1.17__UPDATE_LIFE_INSURANCE_LOOKUPS.sql...
2025-04-29 13:58:49,207 - INFO - Successfully executed V1.1.17__UPDATE_LIFE_INSURANCE_LOOKUPS.sql
2025-04-29 13:58:49,208 - INFO - Executing V1.1.18__ADD_RETURN_METHOD_PLEDGED_NOTE_TABLE.sql...
2025-04-29 13:58:49,211 - INFO - Successfully executed V1.1.18__ADD_RETURN_METHOD_PLEDGED_NOTE_TABLE.sql
2025-04-29 13:58:49,211 - INFO - Executing V1.1.19__ADD_VEHICLE_LOOKUPS.sql...
2025-04-29 13:58:49,217 - INFO - Successfully executed V1.1.19__ADD_VEHICLE_LOOKUPS.sql
2025-04-29 13:58:49,217 - INFO - Executing V1.1.21__PLEDGED_NOTE_DATES.sql...
2025-04-29 13:58:49,226 - INFO - Successfully executed V1.1.21__PLEDGED_NOTE_DATES.sql
2025-04-29 13:58:49,226 - INFO - Executing V1.1.22__UPDATE_VEHICLE.sql...
2025-04-29 13:58:49,232 - INFO - Successfully executed V1.1.22__UPDATE_VEHICLE.sql
2025-04-29 13:58:49,233 - INFO - Executing V1.1.23__FIX_VEHICLE_MAKE.sql...
2025-04-29 13:58:49,237 - INFO - Successfully executed V1.1.23__FIX_VEHICLE_MAKE.sql
2025-04-29 13:58:49,238 - INFO - Executing V1.1.24__UPDATE_COLLATERAL_INTELLECTUAL_PROPERTY_PATENTS.sql...
2025-04-29 13:58:49,247 - INFO - Successfully executed V1.1.24__UPDATE_COLLATERAL_INTELLECTUAL_PROPERTY_PATENTS.sql
2025-04-29 13:58:49,247 - INFO - Executing V1.1.25__UPDATE_VEHICLE_TABLE.sql...
2025-04-29 13:58:49,249 - INFO - Successfully executed V1.1.25__UPDATE_VEHICLE_TABLE.sql
2025-04-29 13:58:49,250 - INFO - Executing V1.1.26__ADD_CASCADE_DELETES.sql...
2025-04-29 13:58:49,297 - INFO - Successfully executed V1.1.26__ADD_CASCADE_DELETES.sql
2025-04-29 13:58:49,298 - INFO - Executing V1.1.27__ADD_TRAILER_LOOKUP.sql...
2025-04-29 13:58:49,299 - INFO - Successfully executed V1.1.27__ADD_TRAILER_LOOKUP.sql
2025-04-29 13:58:49,300 - INFO - Executing V1.1.28__PERSONAL_PROPERTY_DATES.sql...
2025-04-29 13:58:49,323 - INFO - Successfully executed V1.1.28__PERSONAL_PROPERTY_DATES.sql
2025-04-29 13:58:49,323 - INFO - Executing V1.1.29__ADD_SORT_ORDER_COLUMN_LOOKUP.sql...
2025-04-29 13:58:49,324 - INFO - Successfully executed V1.1.29__ADD_SORT_ORDER_COLUMN_LOOKUP.sql
2025-04-29 13:58:49,324 - INFO - Executing V1.1.30__TRAILER_TABLE_UPDATE.sql...
2025-04-29 13:58:49,329 - INFO - Successfully executed V1.1.30__TRAILER_TABLE_UPDATE.sql
2025-04-29 13:58:49,329 - INFO - Executing V1.1.31__UPDATE_REAL_ESTATE_TABLE.sql...
2025-04-29 13:58:49,330 - INFO - Successfully executed V1.1.31__UPDATE_REAL_ESTATE_TABLE.sql
2025-04-29 13:58:49,330 - INFO - Executing V1.1.32__UPDATE_TITLED_PROP_VESSEL_MORTGAGE.sql...
2025-04-29 13:58:49,335 - INFO - Successfully executed V1.1.32__UPDATE_TITLED_PROP_VESSEL_MORTGAGE.sql
2025-04-29 13:58:49,335 - INFO - Executing V1.1.33__REMOVE_NA_FROM_BUILDING_CARVEOUT.sql...
2025-04-29 13:58:49,337 - INFO - Successfully executed V1.1.33__REMOVE_NA_FROM_BUILDING_CARVEOUT.sql
2025-04-29 13:58:49,337 - INFO - Executing V1.1.34__ADD_COLUMNS_STOCK_AND_EQUITY.sql...
2025-04-29 13:58:49,376 - INFO - Successfully executed V1.1.34__ADD_COLUMNS_STOCK_AND_EQUITY.sql
2025-04-29 13:58:49,377 - INFO - Executing V1.1.35__CREATE_FIXTURE_TABLE.sql...
2025-04-29 13:58:49,392 - INFO - Successfully executed V1.1.35__CREATE_FIXTURE_TABLE.sql
2025-04-29 13:58:49,393 - INFO - Executing V1.1.36__UPDATE_LABEL_NAME.sql...
2025-04-29 13:58:49,394 - INFO - Successfully executed V1.1.36__UPDATE_LABEL_NAME.sql
2025-04-29 13:58:49,394 - INFO - Executing V1.1.37__UPDATE_PARCEL_STATUS_DROPDOWN.sql...
2025-04-29 13:58:49,395 - INFO - Successfully executed V1.1.37__UPDATE_PARCEL_STATUS_DROPDOWN.sql
2025-04-29 13:58:49,395 - INFO - Executing V1.1.38__FIX_PARCEL_STATUS_DROPDOWN.sql...
2025-04-29 13:58:49,396 - INFO - Successfully executed V1.1.38__FIX_PARCEL_STATUS_DROPDOWN.sql
2025-04-29 13:58:49,396 - INFO - Executing V1.1.39__SORT_ORDER_PARCEL_STATUS_DROPDOWN_ORDER.sql...
2025-04-29 13:58:49,397 - INFO - Successfully executed V1.1.39__SORT_ORDER_PARCEL_STATUS_DROPDOWN_ORDER.sql
2025-04-29 13:58:49,397 - INFO - Executing V1.1.40__UPDATE_COLLATERAL_INTELLECTUAL_PROPERTY_COPYRIGHT_TRADEMARK.sql...
2025-04-29 13:58:49,415 - INFO - Successfully executed V1.1.40__UPDATE_COLLATERAL_INTELLECTUAL_PROPERTY_COPYRIGHT_TRADEMARK.sql
2025-04-29 13:58:49,415 - INFO - Executing V1.1.41__RESET_PARCEL_STATUS_VALUES.sql...
2025-04-29 13:58:49,416 - INFO - Successfully executed V1.1.41__RESET_PARCEL_STATUS_VALUES.sql
2025-04-29 13:58:49,416 - INFO - Executing V1.1.42__UPDATE_LOOKUP_LABELS.sql...
2025-04-29 13:58:49,417 - INFO - Successfully executed V1.1.42__UPDATE_LOOKUP_LABELS.sql
2025-04-29 13:58:49,417 - INFO - Executing V1.1.43__RENAME_FIXTURE_STATUS.sql...
2025-04-29 13:58:49,419 - INFO - Successfully executed V1.1.43__RENAME_FIXTURE_STATUS.sql
2025-04-29 13:58:49,419 - INFO - Executing V1.1.44__ADD_FIXTURE_LEGAL_DESCRIPTION.sql...
2025-04-29 13:58:49,422 - INFO - Successfully executed V1.1.44__ADD_FIXTURE_LEGAL_DESCRIPTION.sql
2025-04-29 13:58:49,423 - INFO - Executing V1.1.45__ADD_RELEASE_DATE_FIXTURE.sql...
2025-04-29 13:58:49,425 - INFO - Successfully executed V1.1.45__ADD_RELEASE_DATE_FIXTURE.sql
2025-04-29 13:58:49,426 - INFO - Executing V1.1.46__REMOVE_FIXTURE_AND_ADD_COMMON_TABLES.sql...
2025-04-29 13:58:49,458 - INFO - Successfully executed V1.1.46__REMOVE_FIXTURE_AND_ADD_COMMON_TABLES.sql
2025-04-29 13:58:49,458 - INFO - Executing V1.1.47__REMOVE_NON_COMMON_TABLES.sql...
2025-04-29 13:58:49,473 - INFO - Successfully executed V1.1.47__REMOVE_NON_COMMON_TABLES.sql
2025-04-29 13:58:49,473 - INFO - Executing V1.1.48__REMOVE_COMMITMENTS_UNUSED_COLS.sql...
2025-04-29 13:58:49,475 - INFO - Successfully executed V1.1.48__REMOVE_COMMITMENTS_UNUSED_COLS.sql
2025-04-29 13:58:49,475 - INFO - Executing V1.1.49__ADD_FIXTURE_STATUS_LOOKUP.sql...
2025-04-29 13:58:49,477 - INFO - Successfully executed V1.1.49__ADD_FIXTURE_STATUS_LOOKUP.sql
2025-04-29 13:58:49,477 - INFO - Executing V1.1.50__UPDATE_LOOKUPS.sql...
2025-04-29 13:58:49,477 - INFO - Successfully executed V1.1.50__UPDATE_LOOKUPS.sql
2025-04-29 13:58:49,477 - INFO - Executing V1.1.51__UPDATE_DOCUMENTS.sql...
2025-04-29 13:58:49,480 - INFO - Successfully executed V1.1.51__UPDATE_DOCUMENTS.sql
2025-04-29 13:58:49,480 - INFO - Executing V1.1.52__UPDATE_DOCUMENTS_TYPE.sql...
2025-04-29 13:58:49,483 - INFO - Successfully executed V1.1.52__UPDATE_DOCUMENTS_TYPE.sql
2025-04-29 13:58:49,483 - INFO - Executing V1.1.53__CREATE_BAILEE_TABLE.sql...
2025-04-29 13:58:49,491 - INFO - Successfully executed V1.1.53__CREATE_BAILEE_TABLE.sql
2025-04-29 13:58:49,491 - INFO - Executing V1.1.54__CREATE_DOCUMENT_BRIDGE_TABLES.sql...
2025-04-29 13:58:49,522 - INFO - Successfully executed V1.1.54__CREATE_DOCUMENT_BRIDGE_TABLES.sql
2025-04-29 13:58:49,522 - INFO - Executing V1.1.55__UPDATE_DOCUMENT_BRIDGE_TABLE.sql...
2025-04-29 13:58:49,530 - INFO - Successfully executed V1.1.55__UPDATE_DOCUMENT_BRIDGE_TABLE.sql
2025-04-29 13:58:49,531 - INFO - Executing V1.1.56__ADD_INTERNAL_FILE_NAME_COL.sql...
2025-04-29 13:58:49,537 - INFO - Successfully executed V1.1.56__ADD_INTERNAL_FILE_NAME_COL.sql
2025-04-29 13:58:49,537 - INFO - Executing V1.1.57__UPDATE_DOCUMENT_FILE_SIZE.sql...
2025-04-29 13:58:49,544 - INFO - Successfully executed V1.1.57__UPDATE_DOCUMENT_FILE_SIZE.sql
2025-04-29 13:58:49,544 - INFO - Executing V1.1.58__REMOVE-UCC_FROM_AIRCRAFT.sql...
2025-04-29 13:58:49,545 - INFO - Successfully executed V1.1.58__REMOVE-UCC_FROM_AIRCRAFT.sql
2025-04-29 13:58:49,545 - INFO - Executing V1.1.59__CREATE_IMPROVEMENTS_TABLE.sql...
2025-04-29 13:58:49,550 - INFO - Successfully executed V1.1.59__CREATE_IMPROVEMENTS_TABLE.sql
2025-04-29 13:58:49,551 - INFO - Executing V1.1.60__ADD_IMPROVEMENT_LOOKUPS.sql...
2025-04-29 13:58:49,552 - INFO - Successfully executed V1.1.60__ADD_IMPROVEMENT_LOOKUPS.sql
2025-04-29 13:58:49,552 - INFO - Executing V1.1.61__UPDATE_IMPROVEMENT_LOOKUP.sql...
2025-04-29 13:58:49,553 - INFO - Successfully executed V1.1.61__UPDATE_IMPROVEMENT_LOOKUP.sql
2025-04-29 13:58:49,553 - INFO - Executing V1.1.62__DOCUMENT_TABLES_VERSIONS.sql...
2025-04-29 13:58:49,571 - INFO - Successfully executed V1.1.62__DOCUMENT_TABLES_VERSIONS.sql
2025-04-29 13:58:49,571 - INFO - Executing V1.1.63__UPDATE_IMPROVEMENTS_TABLE.sql...
2025-04-29 13:58:49,575 - INFO - Successfully executed V1.1.63__UPDATE_IMPROVEMENTS_TABLE.sql
2025-04-29 13:58:49,575 - INFO - Executing V1.1.64__UPDATE_HEDGE_TO_SECURITIES.sql...
2025-04-29 13:58:49,598 - INFO - Successfully executed V1.1.64__UPDATE_HEDGE_TO_SECURITIES.sql
2025-04-29 13:58:49,598 - INFO - Executing V1.1.65__UPDATE_RAILROAD_CARS_TABLE.sql...
2025-04-29 13:58:49,604 - INFO - Successfully executed V1.1.65__UPDATE_RAILROAD_CARS_TABLE.sql
2025-04-29 13:58:49,605 - INFO - Executing V1.1.66__UPDATE_HEDGE_LOOKUP.sql...
2025-04-29 13:58:49,606 - INFO - Successfully executed V1.1.66__UPDATE_HEDGE_LOOKUP.sql
2025-04-29 13:58:49,606 - INFO - Executing V1.1.67__CREATE_FZD_TABLES.sql...
2025-04-29 13:58:49,621 - INFO - Successfully executed V1.1.67__CREATE_FZD_TABLES.sql
2025-04-29 13:58:49,622 - INFO - Executing V1.1.68__ADD_VERSION_MAJOR_MINOR_DOCUMENTS.sql...
2025-04-29 13:58:49,625 - INFO - Successfully executed V1.1.68__ADD_VERSION_MAJOR_MINOR_DOCUMENTS.sql
2025-04-29 13:58:49,625 - INFO - Executing V1.1.69__CREATE_RAILROAD_CARS_TABLES.sql...
2025-04-29 13:58:49,636 - INFO - Successfully executed V1.1.69__CREATE_RAILROAD_CARS_TABLES.sql
2025-04-29 13:58:49,636 - INFO - Executing V1.1.70__CREATE_COLLATERAL_BAILEE_ASSOCIATION_TABLE.sql...
2025-04-29 13:58:49,646 - INFO - Successfully executed V1.1.70__CREATE_COLLATERAL_BAILEE_ASSOCIATION_TABLE.sql
2025-04-29 13:58:49,646 - INFO - Executing V1.1.71__RENAMING_AND_MODIFYING_RAILEQUIPMENT_TABLE.sql...
2025-04-29 13:58:49,649 - INFO - Successfully executed V1.1.71__RENAMING_AND_MODIFYING_RAILEQUIPMENT_TABLE.sql
2025-04-29 13:58:49,649 - INFO - Executing V1.1.72__FLOOD_ZONE_LOOKUPS.sql...
2025-04-29 13:58:49,650 - INFO - Successfully executed V1.1.72__FLOOD_ZONE_LOOKUPS.sql
2025-04-29 13:58:49,650 - INFO - Executing V1.1.73__ADD_COLLATERAL_PERSONAL_PROPERTY_ASSIGNED_CONTRACTS.sql...
2025-04-29 13:58:49,656 - INFO - Successfully executed V1.1.73__ADD_COLLATERAL_PERSONAL_PROPERTY_ASSIGNED_CONTRACTS.sql
2025-04-29 13:58:49,656 - INFO - Executing V1.1.74__UPDATE_FLOOD_ZONE.sql...
2025-04-29 13:58:49,677 - INFO - Successfully executed V1.1.74__UPDATE_FLOOD_ZONE.sql
2025-04-29 13:58:49,677 - INFO - Executing V1.1.75__UPDATE_IMPROVEMENTS_TABLE.sql...
2025-04-29 13:58:49,680 - INFO - Successfully executed V1.1.75__UPDATE_IMPROVEMENTS_TABLE.sql
2025-04-29 13:58:49,680 - INFO - Executing V1.1.76__MAKE_COLUMN_NOT_NULL.sql...
2025-04-29 13:58:49,682 - INFO - Successfully executed V1.1.76__MAKE_COLUMN_NOT_NULL.sql
2025-04-29 13:58:49,682 - INFO - Executing V1.1.77__RENAME_FLOOD_ZONE_REQUEST_CATEGORY.sql...
2025-04-29 13:58:49,682 - INFO - Successfully executed V1.1.77__RENAME_FLOOD_ZONE_REQUEST_CATEGORY.sql
2025-04-29 13:58:49,683 - INFO - Executing V1.1.78__ADD_ASSIGNED_CONTRACT_LOOKUP.sql...
2025-04-29 13:58:49,684 - INFO - Successfully executed V1.1.78__ADD_ASSIGNED_CONTRACT_LOOKUP.sql
2025-04-29 13:58:49,684 - INFO - Executing V1.1.79__ADD_UPDATED_LOOKUPS.sql...
2025-04-29 13:58:49,685 - INFO - Successfully executed V1.1.79__ADD_UPDATED_LOOKUPS.sql
2025-04-29 13:58:49,685 - INFO - Executing V1.1.80__UPDATE_COMMON_OWNERSHIP_COLUMN.sql...
2025-04-29 13:58:49,685 - INFO - Successfully executed V1.1.80__UPDATE_COMMON_OWNERSHIP_COLUMN.sql
2025-04-29 13:58:49,686 - INFO - Executing V1.1.81__UPDATE_RELATED_PARTY_LOOKUPS.sql...
2025-04-29 13:58:49,686 - INFO - Successfully executed V1.1.81__UPDATE_RELATED_PARTY_LOOKUPS.sql
2025-04-29 13:58:49,686 - INFO - Executing V1.1.82__UPDATE_LOOKUP_SORT.sql...
2025-04-29 13:58:49,687 - INFO - Successfully executed V1.1.82__UPDATE_LOOKUP_SORT.sql
2025-04-29 13:58:49,688 - INFO - Executing V1.1.83__ADD_SITE_PARCEL_GEOPOINT.sql...
2025-04-29 13:58:49,688 - INFO - Successfully executed V1.1.83__ADD_SITE_PARCEL_GEOPOINT.sql
2025-04-29 13:58:49,688 - INFO - Executing V1.1.84__RENAME_GEOPOINT_POSTGRES.sql...
2025-04-29 13:58:49,695 - INFO - Successfully executed V1.1.84__RENAME_GEOPOINT_POSTGRES.sql
2025-04-29 13:58:49,695 - INFO - Executing V1.1.85__CREATE_IMPROVEMENTS_NOTES.sql...
2025-04-29 13:58:49,697 - INFO - Successfully executed V1.1.85__CREATE_IMPROVEMENTS_NOTES.sql
2025-04-29 13:58:49,697 - INFO - Executing V1.1.86__ADD_RAIL_EQUIPMENT_TYPE_LOOKUP.sql...
2025-04-29 13:58:49,698 - INFO - Successfully executed V1.1.86__ADD_RAIL_EQUIPMENT_TYPE_LOOKUP.sql
2025-04-29 13:58:49,699 - INFO - Executing V1.1.87__ADD_ASSIGNED_CONTRACT_LOOKUP.sql...
2025-04-29 13:58:49,700 - INFO - Successfully executed V1.1.87__ADD_ASSIGNED_CONTRACT_LOOKUP.sql
2025-04-29 13:58:49,700 - INFO - Executing V1.1.88__ADD_CUSTOMER_FK.sql...
2025-04-29 13:58:49,709 - INFO - Successfully executed V1.1.88__ADD_CUSTOMER_FK.sql
2025-04-29 13:58:49,710 - INFO - Executing V1.1.89__UPDATE_FLOOD_ZONE_DETERMINATION_COLS.sql...
2025-04-29 13:58:49,711 - INFO - Successfully executed V1.1.89__UPDATE_FLOOD_ZONE_DETERMINATION_COLS.sql
2025-04-29 13:58:49,711 - INFO - Executing V1.1.90__ADDING_PERSONAL_PROPERTY_OTHER.sql...
2025-04-29 13:58:49,717 - INFO - Successfully executed V1.1.90__ADDING_PERSONAL_PROPERTY_OTHER.sql
2025-04-29 13:58:49,718 - INFO - Executing V1.1.91__ADD_DOCUMENT_PARTY_COL.sql...
2025-04-29 13:58:49,721 - INFO - Successfully executed V1.1.91__ADD_DOCUMENT_PARTY_COL.sql
2025-04-29 13:58:49,721 - INFO - Executing V1.1.92__RAILROAD_CAR_FIXES.sql...
2025-04-29 13:58:49,737 - INFO - Successfully executed V1.1.92__RAILROAD_CAR_FIXES.sql
2025-04-29 13:58:49,737 - INFO - Executing V1.1.93__RAILROAD_CAR_STATUS_LOOKUPS.sql...
2025-04-29 13:58:49,739 - INFO - Successfully executed V1.1.93__RAILROAD_CAR_STATUS_LOOKUPS.sql
2025-04-29 13:58:49,739 - INFO - Executing V1.1.94__UPDATING_OTHER_OTHER_ASSETS.sql...
2025-04-29 13:58:49,740 - INFO - Successfully executed V1.1.94__UPDATING_OTHER_OTHER_ASSETS.sql
2025-04-29 13:58:49,740 - INFO - Executing V1.1.95__UPDATING_COLLATERAL_OTHER.sql...
2025-04-29 13:58:49,741 - INFO - Successfully executed V1.1.95__UPDATING_COLLATERAL_OTHER.sql
2025-04-29 13:58:49,742 - INFO - Executing V1.1.96__ADDING_EXTERNAL_COLLATERAL_ID.sql...
2025-04-29 13:58:49,750 - INFO - Successfully executed V1.1.96__ADDING_EXTERNAL_COLLATERAL_ID.sql
2025-04-29 13:58:49,750 - INFO - Executing V1.1.97__EXTERNAL_COLLATERAL_ID_AS_STRING.sql...
2025-04-29 13:58:49,780 - INFO - Successfully executed V1.1.97__EXTERNAL_COLLATERAL_ID_AS_STRING.sql
2025-04-29 13:58:49,780 - INFO - Executing V1.1.98__ADD_STATES_AND_COUNTIES_TO_PARCELS.sql...
2025-04-29 13:58:49,781 - INFO - Successfully executed V1.1.98__ADD_STATES_AND_COUNTIES_TO_PARCELS.sql
2025-04-29 13:58:49,781 - INFO - Executing V1.1.99__ADD_MORE_TRAILER_LOOKUP.sql...
2025-04-29 13:58:49,782 - INFO - Successfully executed V1.1.99__ADD_MORE_TRAILER_LOOKUP.sql
2025-04-29 13:58:49,783 - INFO - Executing V1.1.100__DROPPING_PARCEL_FIXTURESTATUS_IMPROVEMENTDESCRIPTION.sql...
2025-04-29 13:58:49,787 - INFO - Successfully executed V1.1.100__DROPPING_PARCEL_FIXTURESTATUS_IMPROVEMENTDESCRIPTION.sql
2025-04-29 13:58:49,787 - INFO - Executing V1.1.101__DROPPING_DOCUMENT_RELATED_PARTIES.sql...
2025-04-29 13:58:49,788 - INFO - Successfully executed V1.1.101__DROPPING_DOCUMENT_RELATED_PARTIES.sql
2025-04-29 13:58:49,788 - INFO - Executing V1.1.102__CREATE_BAILEE_NOTES.sql...
2025-04-29 13:58:49,790 - INFO - Successfully executed V1.1.102__CREATE_BAILEE_NOTES.sql
2025-04-29 13:58:49,790 - INFO - Executing V1.1.103__ADD_PARCEL_RELEASE_DATE.sql...
2025-04-29 13:58:49,791 - INFO - Successfully executed V1.1.103__ADD_PARCEL_RELEASE_DATE.sql
2025-04-29 13:58:49,791 - INFO - Executing V1.1.104__CREATE_BAILEE_DOCUMENTS.sql...
2025-04-29 13:58:49,799 - INFO - Successfully executed V1.1.104__CREATE_BAILEE_DOCUMENTS.sql
2025-04-29 13:58:49,799 - INFO - Executing V1.1.105__DOCUMENT_FIELD_UPDATE.sql...
2025-04-29 13:58:49,800 - INFO - Successfully executed V1.1.105__DOCUMENT_FIELD_UPDATE.sql
2025-04-29 13:58:49,800 - INFO - Executing V1.1.106__ADD_DOC_BRIDGE_COLS.sql...
2025-04-29 13:58:49,801 - INFO - Successfully executed V1.1.106__ADD_DOC_BRIDGE_COLS.sql
2025-04-29 13:58:49,801 - INFO - Executing V1.1.107__MAP_NUMBER_TO_STRING.sql...
2025-04-29 13:58:49,802 - INFO - Successfully executed V1.1.107__MAP_NUMBER_TO_STRING.sql
2025-04-29 13:58:49,802 - INFO - Executing V1.1.108__CREATE_INSURANCE_POLICY.sql...
2025-04-29 13:58:49,826 - INFO - Successfully executed V1.1.108__CREATE_INSURANCE_POLICY.sql
2025-04-29 13:58:49,827 - INFO - Executing V1.1.109__INSURANCE_POLICY_INSURED_PARTY_COLUMN_RENAME.sql...
2025-04-29 13:58:49,828 - INFO - Successfully executed V1.1.109__INSURANCE_POLICY_INSURED_PARTY_COLUMN_RENAME.sql
2025-04-29 13:58:49,828 - INFO - Executing V1.1.110__ADD_SERVICECONSOLE_INSURANCE_WORKFLOW.sql...
2025-04-29 13:58:49,829 - INFO - Successfully executed V1.1.110__ADD_SERVICECONSOLE_INSURANCE_WORKFLOW.sql
2025-04-29 13:58:49,829 - INFO - Executing V1.1.111__ADD_COL_ASSET_TYPE_FLOOD_ZONE_DETERMINATION.sql...
2025-04-29 13:58:49,830 - INFO - Successfully executed V1.1.111__ADD_COL_ASSET_TYPE_FLOOD_ZONE_DETERMINATION.sql
2025-04-29 13:58:49,830 - INFO - Executing V1.1.112__REMOVE_DUPLICATE_STATE_COUNTY.sql...
2025-04-29 13:58:49,831 - INFO - Successfully executed V1.1.112__REMOVE_DUPLICATE_STATE_COUNTY.sql
2025-04-29 13:58:49,831 - INFO - Executing V1.1.113__FLOOD_ZONE_INSURANCE_POLICY_RELATED_PARTIES.sql...
2025-04-29 13:58:49,832 - INFO - Successfully executed V1.1.113__FLOOD_ZONE_INSURANCE_POLICY_RELATED_PARTIES.sql
2025-04-29 13:58:49,832 - INFO - Executing V1.1.114__UPDATE_RECIEVABLE_BONDS_TABLE.sql...
2025-04-29 13:58:49,833 - INFO - Successfully executed V1.1.114__UPDATE_RECIEVABLE_BONDS_TABLE.sql
2025-04-29 13:58:49,833 - INFO - Executing V1.1.115__UPDATE_FIXTURE_TABLE.sql...
2025-04-29 13:58:49,834 - INFO - Successfully executed V1.1.115__UPDATE_FIXTURE_TABLE.sql
2025-04-29 13:58:49,834 - INFO - Executing V1.1.116__UPDATE_PLEDGED_NOTE_AND_LOC_TABLE.sql...
2025-04-29 13:58:49,834 - INFO - Successfully executed V1.1.116__UPDATE_PLEDGED_NOTE_AND_LOC_TABLE.sql
2025-04-29 13:58:49,835 - INFO - Executing V1.1.117__CREATE_FZD_FIXTURE_TABLES.sql...
2025-04-29 13:58:49,838 - INFO - Successfully executed V1.1.117__CREATE_FZD_FIXTURE_TABLES.sql
2025-04-29 13:58:49,838 - INFO - Executing V1.1.118__CREATE_FIXTURE_GEOPOINT.sql...
