2025-04-29 13:54:53,936 - INFO - Starting SQL execution script
2025-04-29 13:54:53,938 - INFO - Found 168 SQL files to execute
2025-04-29 13:54:55,670 - INFO - Connected to database successfully
2025-04-29 13:54:55,670 - INFO - Executing V1.0.0__CREATE_SCHEMA.sql...
2025-04-29 13:54:55,675 - INFO - Successfully executed V1.0.0__CREATE_SCHEMA.sql
2025-04-29 13:54:55,675 - INFO - Executing V1.1.0__CREATE_CUSTOMER_TABLE.sql...
2025-04-29 13:54:55,684 - INFO - Successfully executed V1.1.0__CREATE_CUSTOMER_TABLE.sql
2025-04-29 13:54:55,685 - INFO - Executing V1.1.1__CREATE_REAL_ESTATE_TABLES.sql...
2025-04-29 13:54:55,754 - INFO - Successfully executed V1.1.1__CREATE_REAL_ESTATE_TABLES.sql
2025-04-29 13:54:55,754 - INFO - Executing V1.1.2__CREATE_PERSONAL_PROPERTY_TABLES.sql...
2025-04-29 13:54:55,933 - INFO - Successfully executed V1.1.2__CREATE_PERSONAL_PROPERTY_TABLES.sql
2025-04-29 13:54:55,934 - INFO - Executing V1.1.3__CREATE_POPULATE_LOOKUP_TABLES.sql...
2025-04-29 13:54:55,951 - INFO - Successfully executed V1.1.3__CREATE_POPULATE_LOOKUP_TABLES.sql
2025-04-29 13:54:55,951 - INFO - Executing V1.1.4__CREATE_POPULATE_LOOKUP_STATE_COUNTIES.sql...
2025-04-29 13:54:55,997 - INFO - Successfully executed V1.1.4__CREATE_POPULATE_LOOKUP_STATE_COUNTIES.sql
2025-04-29 13:54:55,997 - INFO - Executing V1.1.5__CREATE_LIFE_INSURANCE_TABLE.sql...
2025-04-29 13:54:56,014 - INFO - Successfully executed V1.1.5__CREATE_LIFE_INSURANCE_TABLE.sql
2025-04-29 13:54:56,014 - INFO - Executing V1.1.6__CREATE_TRAILER_TABLE.sql...
2025-04-29 13:54:56,044 - INFO - Successfully executed V1.1.6__CREATE_TRAILER_TABLE.sql
2025-04-29 13:54:56,044 - INFO - Executing V1.1.7__UPDATE_COLLATERAL_CASH_INVESTMENT_TABLE.sql...
2025-04-29 13:54:56,083 - INFO - Successfully executed V1.1.7__UPDATE_COLLATERAL_CASH_INVESTMENT_TABLE.sql
2025-04-29 13:54:56,083 - INFO - Executing V1.1.8__UPDATE_COLLATERAL_CASH_INVESTMENT_COLUMN.sql...
2025-04-29 13:54:56,093 - INFO - Successfully executed V1.1.8__UPDATE_COLLATERAL_CASH_INVESTMENT_COLUMN.sql
2025-04-29 13:54:56,093 - INFO - Executing V1.1.9__ADD_LOOKUPS_.sql...
2025-04-29 13:54:56,096 - INFO - Successfully executed V1.1.9__ADD_LOOKUPS_.sql
2025-04-29 13:54:56,096 - INFO - Executing V1.1.10__UPDATE_COLLATERAL_PLEDGED_NOTE_TABLE.sql...
2025-04-29 13:54:56,113 - INFO - Successfully executed V1.1.10__UPDATE_COLLATERAL_PLEDGED_NOTE_TABLE.sql
2025-04-29 13:54:56,114 - INFO - Executing V1.1.11__CREATE_LIFE_INSURANCE_LOOKUPS.sql...
2025-04-29 13:54:56,117 - INFO - Successfully executed V1.1.11__CREATE_LIFE_INSURANCE_LOOKUPS.sql
2025-04-29 13:54:56,117 - INFO - Executing V1.1.12__UPDATE_LIFE_INSURANCE_LOOKUPS.sql...
2025-04-29 13:54:56,127 - INFO - Successfully executed V1.1.12__UPDATE_LIFE_INSURANCE_LOOKUPS.sql
2025-04-29 13:54:56,127 - INFO - Executing V1.1.13__RECREATE_LIFE_INSURANCE_TABLE.sql...
2025-04-29 13:54:56,138 - INFO - Successfully executed V1.1.13__RECREATE_LIFE_INSURANCE_TABLE.sql
2025-04-29 13:54:56,138 - INFO - Executing V1.1.14__UPDATE_PLEDGED_NOTE_COLUMNS.sql...
2025-04-29 13:54:56,153 - INFO - Successfully executed V1.1.14__UPDATE_PLEDGED_NOTE_COLUMNS.sql
2025-04-29 13:54:56,154 - INFO - Executing V1.1.15__UPDATE_COLLATERAL_RECEIVABLES_BONDS.sql...
2025-04-29 13:54:56,167 - INFO - Successfully executed V1.1.15__UPDATE_COLLATERAL_RECEIVABLES_BONDS.sql
2025-04-29 13:54:56,167 - INFO - Executing V1.1.16__UPDATE_RELEASE_DATE_FROM_INDIVIDUAL_TABLES_AND_ADD_MULTIPLE.sql...
2025-04-29 13:54:56,176 - INFO - Successfully executed V1.1.16__UPDATE_RELEASE_DATE_FROM_INDIVIDUAL_TABLES_AND_ADD_MULTIPLE.sql
2025-04-29 13:54:56,176 - INFO - Executing V1.1.17__UPDATE_LIFE_INSURANCE_LOOKUPS.sql...
2025-04-29 13:54:56,186 - INFO - Successfully executed V1.1.17__UPDATE_LIFE_INSURANCE_LOOKUPS.sql
2025-04-29 13:54:56,186 - INFO - Executing V1.1.18__ADD_RETURN_METHOD_PLEDGED_NOTE_TABLE.sql...
2025-04-29 13:54:56,190 - INFO - Successfully executed V1.1.18__ADD_RETURN_METHOD_PLEDGED_NOTE_TABLE.sql
2025-04-29 13:54:56,190 - INFO - Executing V1.1.19__ADD_VEHICLE_LOOKUPS.sql...
2025-04-29 13:54:56,195 - INFO - Successfully executed V1.1.19__ADD_VEHICLE_LOOKUPS.sql
2025-04-29 13:54:56,196 - INFO - Executing V1.1.21__PLEDGED_NOTE_DATES.sql...
2025-04-29 13:54:56,205 - INFO - Successfully executed V1.1.21__PLEDGED_NOTE_DATES.sql
2025-04-29 13:54:56,205 - INFO - Executing V1.1.22__UPDATE_VEHICLE.sql...
2025-04-29 13:54:56,208 - INFO - Successfully executed V1.1.22__UPDATE_VEHICLE.sql
2025-04-29 13:54:56,208 - INFO - Executing V1.1.23__FIX_VEHICLE_MAKE.sql...
2025-04-29 13:54:56,211 - INFO - Successfully executed V1.1.23__FIX_VEHICLE_MAKE.sql
2025-04-29 13:54:56,211 - INFO - Executing V1.1.24__UPDATE_COLLATERAL_INTELLECTUAL_PROPERTY_PATENTS.sql...
2025-04-29 13:54:56,220 - INFO - Successfully executed V1.1.24__UPDATE_COLLATERAL_INTELLECTUAL_PROPERTY_PATENTS.sql
2025-04-29 13:54:56,220 - INFO - Executing V1.1.25__UPDATE_VEHICLE_TABLE.sql...
2025-04-29 13:54:56,223 - INFO - Successfully executed V1.1.25__UPDATE_VEHICLE_TABLE.sql
2025-04-29 13:54:56,224 - INFO - Executing V1.1.26__ADD_CASCADE_DELETES.sql...
2025-04-29 13:54:56,275 - INFO - Successfully executed V1.1.26__ADD_CASCADE_DELETES.sql
2025-04-29 13:54:56,275 - INFO - Executing V1.1.27__ADD_TRAILER_LOOKUP.sql...
2025-04-29 13:54:56,277 - INFO - Successfully executed V1.1.27__ADD_TRAILER_LOOKUP.sql
2025-04-29 13:54:56,277 - INFO - Executing V1.1.28__PERSONAL_PROPERTY_DATES.sql...
2025-04-29 13:54:56,300 - INFO - Successfully executed V1.1.28__PERSONAL_PROPERTY_DATES.sql
2025-04-29 13:54:56,300 - INFO - Executing V1.1.29__ADD_SORT_ORDER_COLUMN_LOOKUP.sql...
2025-04-29 13:54:56,302 - INFO - Successfully executed V1.1.29__ADD_SORT_ORDER_COLUMN_LOOKUP.sql
2025-04-29 13:54:56,302 - INFO - Executing V1.1.30__TRAILER_TABLE_UPDATE.sql...
2025-04-29 13:54:56,307 - INFO - Successfully executed V1.1.30__TRAILER_TABLE_UPDATE.sql
2025-04-29 13:54:56,308 - INFO - Executing V1.1.31__UPDATE_REAL_ESTATE_TABLE.sql...
2025-04-29 13:54:56,309 - INFO - Successfully executed V1.1.31__UPDATE_REAL_ESTATE_TABLE.sql
2025-04-29 13:54:56,309 - INFO - Executing V1.1.32__UPDATE_TITLED_PROP_VESSEL_MORTGAGE.sql...
2025-04-29 13:54:56,314 - INFO - Successfully executed V1.1.32__UPDATE_TITLED_PROP_VESSEL_MORTGAGE.sql
2025-04-29 13:54:56,314 - INFO - Executing V1.1.33__REMOVE_NA_FROM_BUILDING_CARVEOUT.sql...
2025-04-29 13:54:56,315 - INFO - Successfully executed V1.1.33__REMOVE_NA_FROM_BUILDING_CARVEOUT.sql
2025-04-29 13:54:56,316 - INFO - Executing V1.1.34__ADD_COLUMNS_STOCK_AND_EQUITY.sql...
2025-04-29 13:54:56,354 - INFO - Successfully executed V1.1.34__ADD_COLUMNS_STOCK_AND_EQUITY.sql
2025-04-29 13:54:56,355 - INFO - Executing V1.1.35__CREATE_FIXTURE_TABLE.sql...
2025-04-29 13:54:56,372 - INFO - Successfully executed V1.1.35__CREATE_FIXTURE_TABLE.sql
2025-04-29 13:54:56,372 - INFO - Executing V1.1.36__UPDATE_LABEL_NAME.sql...
2025-04-29 13:54:56,373 - INFO - Successfully executed V1.1.36__UPDATE_LABEL_NAME.sql
2025-04-29 13:54:56,373 - INFO - Executing V1.1.37__UPDATE_PARCEL_STATUS_DROPDOWN.sql...
2025-04-29 13:54:56,374 - INFO - Successfully executed V1.1.37__UPDATE_PARCEL_STATUS_DROPDOWN.sql
2025-04-29 13:54:56,375 - INFO - Executing V1.1.38__FIX_PARCEL_STATUS_DROPDOWN.sql...
2025-04-29 13:54:56,375 - INFO - Successfully executed V1.1.38__FIX_PARCEL_STATUS_DROPDOWN.sql
2025-04-29 13:54:56,376 - INFO - Executing V1.1.39__SORT_ORDER_PARCEL_STATUS_DROPDOWN_ORDER.sql...
2025-04-29 13:54:56,376 - INFO - Successfully executed V1.1.39__SORT_ORDER_PARCEL_STATUS_DROPDOWN_ORDER.sql
2025-04-29 13:54:56,377 - INFO - Executing V1.1.40__UPDATE_COLLATERAL_INTELLECTUAL_PROPERTY_COPYRIGHT_TRADEMARK.sql...
2025-04-29 13:54:56,394 - INFO - Successfully executed V1.1.40__UPDATE_COLLATERAL_INTELLECTUAL_PROPERTY_COPYRIGHT_TRADEMARK.sql
2025-04-29 13:54:56,394 - INFO - Executing V1.1.41__RESET_PARCEL_STATUS_VALUES.sql...
2025-04-29 13:54:56,395 - INFO - Successfully executed V1.1.41__RESET_PARCEL_STATUS_VALUES.sql
2025-04-29 13:54:56,395 - INFO - Executing V1.1.42__UPDATE_LOOKUP_LABELS.sql...
2025-04-29 13:54:56,396 - INFO - Successfully executed V1.1.42__UPDATE_LOOKUP_LABELS.sql
2025-04-29 13:54:56,396 - INFO - Executing V1.1.43__RENAME_FIXTURE_STATUS.sql...
2025-04-29 13:54:56,399 - INFO - Successfully executed V1.1.43__RENAME_FIXTURE_STATUS.sql
2025-04-29 13:54:56,399 - INFO - Executing V1.1.44__ADD_FIXTURE_LEGAL_DESCRIPTION.sql...
2025-04-29 13:54:56,401 - INFO - Successfully executed V1.1.44__ADD_FIXTURE_LEGAL_DESCRIPTION.sql
2025-04-29 13:54:56,402 - INFO - Executing V1.1.45__ADD_RELEASE_DATE_FIXTURE.sql...
2025-04-29 13:54:56,404 - INFO - Successfully executed V1.1.45__ADD_RELEASE_DATE_FIXTURE.sql
2025-04-29 13:54:56,404 - INFO - Executing V1.1.46__REMOVE_FIXTURE_AND_ADD_COMMON_TABLES.sql...
2025-04-29 13:54:56,436 - INFO - Successfully executed V1.1.46__REMOVE_FIXTURE_AND_ADD_COMMON_TABLES.sql
2025-04-29 13:54:56,436 - INFO - Executing V1.1.47__REMOVE_NON_COMMON_TABLES.sql...
2025-04-29 13:54:56,450 - INFO - Successfully executed V1.1.47__REMOVE_NON_COMMON_TABLES.sql
2025-04-29 13:54:56,450 - INFO - Executing V1.1.48__REMOVE_COMMITMENTS_UNUSED_COLS.sql...
2025-04-29 13:54:56,452 - INFO - Successfully executed V1.1.48__REMOVE_COMMITMENTS_UNUSED_COLS.sql
2025-04-29 13:54:56,452 - INFO - Executing V1.1.49__ADD_FIXTURE_STATUS_LOOKUP.sql...
2025-04-29 13:54:56,453 - INFO - Successfully executed V1.1.49__ADD_FIXTURE_STATUS_LOOKUP.sql
2025-04-29 13:54:56,453 - INFO - Executing V1.1.50__UPDATE_LOOKUPS.sql...
2025-04-29 13:54:56,454 - INFO - Successfully executed V1.1.50__UPDATE_LOOKUPS.sql
2025-04-29 13:54:56,455 - INFO - Executing V1.1.51__UPDATE_DOCUMENTS.sql...
2025-04-29 13:54:56,458 - INFO - Successfully executed V1.1.51__UPDATE_DOCUMENTS.sql
2025-04-29 13:54:56,458 - INFO - Executing V1.1.52__UPDATE_DOCUMENTS_TYPE.sql...
2025-04-29 13:54:56,462 - INFO - Successfully executed V1.1.52__UPDATE_DOCUMENTS_TYPE.sql
2025-04-29 13:54:56,463 - INFO - Executing V1.1.53__CREATE_BAILEE_TABLE.sql...
2025-04-29 13:54:56,469 - INFO - Successfully executed V1.1.53__CREATE_BAILEE_TABLE.sql
2025-04-29 13:54:56,469 - INFO - Executing V1.1.54__CREATE_DOCUMENT_BRIDGE_TABLES.sql...
2025-04-29 13:54:56,500 - INFO - Successfully executed V1.1.54__CREATE_DOCUMENT_BRIDGE_TABLES.sql
2025-04-29 13:54:56,500 - INFO - Executing V1.1.55__UPDATE_DOCUMENT_BRIDGE_TABLE.sql...
2025-04-29 13:54:56,508 - INFO - Successfully executed V1.1.55__UPDATE_DOCUMENT_BRIDGE_TABLE.sql
2025-04-29 13:54:56,508 - INFO - Executing V1.1.56__ADD_INTERNAL_FILE_NAME_COL.sql...
2025-04-29 13:54:56,515 - INFO - Successfully executed V1.1.56__ADD_INTERNAL_FILE_NAME_COL.sql
2025-04-29 13:54:56,515 - INFO - Executing V1.1.57__UPDATE_DOCUMENT_FILE_SIZE.sql...
2025-04-29 13:54:56,521 - INFO - Successfully executed V1.1.57__UPDATE_DOCUMENT_FILE_SIZE.sql
2025-04-29 13:54:56,521 - INFO - Executing V1.1.58__REMOVE-UCC_FROM_AIRCRAFT.sql...
2025-04-29 13:54:56,523 - INFO - Successfully executed V1.1.58__REMOVE-UCC_FROM_AIRCRAFT.sql
2025-04-29 13:54:56,523 - INFO - Executing V1.1.59__CREATE_IMPROVEMENTS_TABLE.sql...
2025-04-29 13:54:56,530 - INFO - Successfully executed V1.1.59__CREATE_IMPROVEMENTS_TABLE.sql
2025-04-29 13:54:56,530 - INFO - Executing V1.1.60__ADD_IMPROVEMENT_LOOKUPS.sql...
2025-04-29 13:54:56,531 - INFO - Successfully executed V1.1.60__ADD_IMPROVEMENT_LOOKUPS.sql
2025-04-29 13:54:56,531 - INFO - Executing V1.1.61__UPDATE_IMPROVEMENT_LOOKUP.sql...
2025-04-29 13:54:56,533 - INFO - Successfully executed V1.1.61__UPDATE_IMPROVEMENT_LOOKUP.sql
2025-04-29 13:54:56,533 - INFO - Executing V1.1.62__DOCUMENT_TABLES_VERSIONS.sql...
2025-04-29 13:54:56,550 - INFO - Successfully executed V1.1.62__DOCUMENT_TABLES_VERSIONS.sql
2025-04-29 13:54:56,550 - INFO - Executing V1.1.63__UPDATE_IMPROVEMENTS_TABLE.sql...
2025-04-29 13:54:56,552 - INFO - Successfully executed V1.1.63__UPDATE_IMPROVEMENTS_TABLE.sql
2025-04-29 13:54:56,553 - INFO - Executing V1.1.64__UPDATE_HEDGE_TO_SECURITIES.sql...
2025-04-29 13:54:56,577 - INFO - Successfully executed V1.1.64__UPDATE_HEDGE_TO_SECURITIES.sql
2025-04-29 13:54:56,577 - INFO - Executing V1.1.65__UPDATE_RAILROAD_CARS_TABLE.sql...
2025-04-29 13:54:56,584 - INFO - Successfully executed V1.1.65__UPDATE_RAILROAD_CARS_TABLE.sql
2025-04-29 13:54:56,584 - INFO - Executing V1.1.66__UPDATE_HEDGE_LOOKUP.sql...
2025-04-29 13:54:56,585 - INFO - Successfully executed V1.1.66__UPDATE_HEDGE_LOOKUP.sql
2025-04-29 13:54:56,585 - INFO - Executing V1.1.67__CREATE_FZD_TABLES.sql...
2025-04-29 13:54:56,606 - INFO - Successfully executed V1.1.67__CREATE_FZD_TABLES.sql
2025-04-29 13:54:56,606 - INFO - Executing V1.1.68__ADD_VERSION_MAJOR_MINOR_DOCUMENTS.sql...
2025-04-29 13:54:56,609 - INFO - Successfully executed V1.1.68__ADD_VERSION_MAJOR_MINOR_DOCUMENTS.sql
2025-04-29 13:54:56,609 - INFO - Executing V1.1.69__CREATE_RAILROAD_CARS_TABLES.sql...
2025-04-29 13:54:56,621 - INFO - Successfully executed V1.1.69__CREATE_RAILROAD_CARS_TABLES.sql
2025-04-29 13:54:56,621 - INFO - Executing V1.1.70__CREATE_COLLATERAL_BAILEE_ASSOCIATION_TABLE.sql...
2025-04-29 13:54:56,630 - INFO - Successfully executed V1.1.70__CREATE_COLLATERAL_BAILEE_ASSOCIATION_TABLE.sql
2025-04-29 13:54:56,630 - INFO - Executing V1.1.71__RENAMING_AND_MODIFYING_RAILEQUIPMENT_TABLE.sql...
2025-04-29 13:54:56,633 - INFO - Successfully executed V1.1.71__RENAMING_AND_MODIFYING_RAILEQUIPMENT_TABLE.sql
2025-04-29 13:54:56,634 - INFO - Executing V1.1.72__FLOOD_ZONE_LOOKUPS.sql...
2025-04-29 13:54:56,634 - INFO - Successfully executed V1.1.72__FLOOD_ZONE_LOOKUPS.sql
2025-04-29 13:54:56,634 - INFO - Executing V1.1.73__ADD_COLLATERAL_PERSONAL_PROPERTY_ASSIGNED_CONTRACTS.sql...
2025-04-29 13:54:56,640 - INFO - Successfully executed V1.1.73__ADD_COLLATERAL_PERSONAL_PROPERTY_ASSIGNED_CONTRACTS.sql
2025-04-29 13:54:56,641 - INFO - Executing V1.1.74__UPDATE_FLOOD_ZONE.sql...
2025-04-29 13:54:56,661 - INFO - Successfully executed V1.1.74__UPDATE_FLOOD_ZONE.sql
2025-04-29 13:54:56,661 - INFO - Executing V1.1.75__UPDATE_IMPROVEMENTS_TABLE.sql...
2025-04-29 13:54:56,664 - INFO - Successfully executed V1.1.75__UPDATE_IMPROVEMENTS_TABLE.sql
2025-04-29 13:54:56,664 - INFO - Executing V1.1.76__MAKE_COLUMN_NOT_NULL.sql...
2025-04-29 13:54:56,665 - INFO - Successfully executed V1.1.76__MAKE_COLUMN_NOT_NULL.sql
2025-04-29 13:54:56,665 - INFO - Executing V1.1.77__RENAME_FLOOD_ZONE_REQUEST_CATEGORY.sql...
2025-04-29 13:54:56,666 - INFO - Successfully executed V1.1.77__RENAME_FLOOD_ZONE_REQUEST_CATEGORY.sql
2025-04-29 13:54:56,666 - INFO - Executing V1.1.78__ADD_ASSIGNED_CONTRACT_LOOKUP.sql...
2025-04-29 13:54:56,666 - INFO - Successfully executed V1.1.78__ADD_ASSIGNED_CONTRACT_LOOKUP.sql
2025-04-29 13:54:56,667 - INFO - Executing V1.1.79__ADD_UPDATED_LOOKUPS.sql...
2025-04-29 13:54:56,668 - INFO - Successfully executed V1.1.79__ADD_UPDATED_LOOKUPS.sql
2025-04-29 13:54:56,668 - INFO - Executing V1.1.80__UPDATE_COMMON_OWNERSHIP_COLUMN.sql...
2025-04-29 13:54:56,669 - INFO - Successfully executed V1.1.80__UPDATE_COMMON_OWNERSHIP_COLUMN.sql
2025-04-29 13:54:56,669 - INFO - Executing V1.1.81__UPDATE_RELATED_PARTY_LOOKUPS.sql...
2025-04-29 13:54:56,670 - INFO - Successfully executed V1.1.81__UPDATE_RELATED_PARTY_LOOKUPS.sql
2025-04-29 13:54:56,670 - INFO - Executing V1.1.82__UPDATE_LOOKUP_SORT.sql...
2025-04-29 13:54:56,670 - INFO - Successfully executed V1.1.82__UPDATE_LOOKUP_SORT.sql
2025-04-29 13:54:56,671 - INFO - Executing V1.1.83__ADD_SITE_PARCEL_GEOPOINT.sql...
2025-04-29 13:54:56,676 - INFO - Successfully executed V1.1.83__ADD_SITE_PARCEL_GEOPOINT.sql
2025-04-29 13:54:56,676 - INFO - Executing V1.1.84__RENAME_GEOPOINT_POSTGRES.sql...
