2025-04-29 13:51:50,646 - INFO - Starting SQL execution script
2025-04-29 13:51:50,648 - INFO - Found 168 SQL files to execute
2025-04-29 13:51:55,731 - INFO - Connected to database successfully
2025-04-29 13:51:55,732 - INFO - Executing V1.0.0__CREATE_SCHEMA.sql...
2025-04-29 13:51:59,148 - INFO - Successfully executed V1.0.0__CREATE_SCHEMA.sql
2025-04-29 13:52:00,387 - INFO - Executing V1.1.0__CREATE_CUSTOMER_TABLE.sql...
2025-04-29 13:52:05,558 - INFO - Successfully executed V1.1.0__CREATE_CUSTOMER_TABLE.sql
2025-04-29 13:52:06,454 - INFO - Executing V1.1.1__CREATE_REAL_ESTATE_TABLES.sql...
2025-04-29 13:52:10,362 - INFO - Successfully executed V1.1.1__CREATE_REAL_ESTATE_TABLES.sql
2025-04-29 13:52:10,363 - INFO - Executing V1.1.2__CREATE_PERSONAL_PROPERTY_TABLES.sql...
2025-04-29 13:52:10,576 - INFO - Successfully executed V1.1.2__CREATE_PERSONAL_PROPERTY_TABLES.sql
2025-04-29 13:52:10,576 - INFO - Executing V1.1.3__CREATE_POPULATE_LOOKUP_TABLES.sql...
2025-04-29 13:52:10,602 - INFO - Successfully executed V1.1.3__CREATE_POPULATE_LOOKUP_TABLES.sql
2025-04-29 13:52:10,602 - INFO - Executing V1.1.4__CREATE_POPULATE_LOOKUP_STATE_COUNTIES.sql...
2025-04-29 13:52:10,648 - INFO - Successfully executed V1.1.4__CREATE_POPULATE_LOOKUP_STATE_COUNTIES.sql
2025-04-29 13:52:10,648 - INFO - Executing V1.1.5__CREATE_LIFE_INSURANCE_TABLE.sql...
2025-04-29 13:52:10,665 - INFO - Successfully executed V1.1.5__CREATE_LIFE_INSURANCE_TABLE.sql
2025-04-29 13:52:10,665 - INFO - Executing V1.1.6__CREATE_TRAILER_TABLE.sql...
2025-04-29 13:52:10,689 - INFO - Successfully executed V1.1.6__CREATE_TRAILER_TABLE.sql
2025-04-29 13:52:10,689 - INFO - Executing V1.1.7__UPDATE_COLLATERAL_CASH_INVESTMENT_TABLE.sql...
2025-04-29 13:52:10,722 - INFO - Successfully executed V1.1.7__UPDATE_COLLATERAL_CASH_INVESTMENT_TABLE.sql
2025-04-29 13:52:10,722 - INFO - Executing V1.1.8__UPDATE_COLLATERAL_CASH_INVESTMENT_COLUMN.sql...
2025-04-29 13:52:10,732 - INFO - Successfully executed V1.1.8__UPDATE_COLLATERAL_CASH_INVESTMENT_COLUMN.sql
2025-04-29 13:52:10,732 - INFO - Executing V1.1.9__ADD_LOOKUPS_.sql...
2025-04-29 13:52:10,734 - INFO - Successfully executed V1.1.9__ADD_LOOKUPS_.sql
2025-04-29 13:52:10,735 - INFO - Executing V1.1.10__UPDATE_COLLATERAL_PLEDGED_NOTE_TABLE.sql...
2025-04-29 13:52:10,751 - INFO - Successfully executed V1.1.10__UPDATE_COLLATERAL_PLEDGED_NOTE_TABLE.sql
2025-04-29 13:52:10,752 - INFO - Executing V1.1.11__CREATE_LIFE_INSURANCE_LOOKUPS.sql...
2025-04-29 13:52:10,755 - INFO - Successfully executed V1.1.11__CREATE_LIFE_INSURANCE_LOOKUPS.sql
2025-04-29 13:52:10,755 - INFO - Executing V1.1.12__UPDATE_LIFE_INSURANCE_LOOKUPS.sql...
2025-04-29 13:52:10,765 - INFO - Successfully executed V1.1.12__UPDATE_LIFE_INSURANCE_LOOKUPS.sql
2025-04-29 13:52:10,765 - INFO - Executing V1.1.13__RECREATE_LIFE_INSURANCE_TABLE.sql...
2025-04-29 13:52:10,774 - INFO - Successfully executed V1.1.13__RECREATE_LIFE_INSURANCE_TABLE.sql
2025-04-29 13:52:10,775 - INFO - Executing V1.1.14__UPDATE_PLEDGED_NOTE_COLUMNS.sql...
2025-04-29 13:52:10,790 - INFO - Successfully executed V1.1.14__UPDATE_PLEDGED_NOTE_COLUMNS.sql
2025-04-29 13:52:10,791 - INFO - Executing V1.1.15__UPDATE_COLLATERAL_RECEIVABLES_BONDS.sql...
2025-04-29 13:52:10,801 - INFO - Successfully executed V1.1.15__UPDATE_COLLATERAL_RECEIVABLES_BONDS.sql
2025-04-29 13:52:10,802 - INFO - Executing V1.1.16__UPDATE_RELEASE_DATE_FROM_INDIVIDUAL_TABLES_AND_ADD_MULTIPLE.sql...
2025-04-29 13:52:10,811 - INFO - Successfully executed V1.1.16__UPDATE_RELEASE_DATE_FROM_INDIVIDUAL_TABLES_AND_ADD_MULTIPLE.sql
2025-04-29 13:52:10,811 - INFO - Executing V1.1.17__UPDATE_LIFE_INSURANCE_LOOKUPS.sql...
2025-04-29 13:52:10,821 - INFO - Successfully executed V1.1.17__UPDATE_LIFE_INSURANCE_LOOKUPS.sql
2025-04-29 13:52:10,821 - INFO - Executing V1.1.18__ADD_RETURN_METHOD_PLEDGED_NOTE_TABLE.sql...
2025-04-29 13:52:10,824 - INFO - Successfully executed V1.1.18__ADD_RETURN_METHOD_PLEDGED_NOTE_TABLE.sql
2025-04-29 13:52:10,824 - INFO - Executing V1.1.19__ADD_VEHICLE_LOOKUPS.sql...
2025-04-29 13:52:10,830 - INFO - Successfully executed V1.1.19__ADD_VEHICLE_LOOKUPS.sql
2025-04-29 13:52:10,830 - INFO - Executing V1.1.21__PLEDGED_NOTE_DATES.sql...
2025-04-29 13:52:10,839 - INFO - Successfully executed V1.1.21__PLEDGED_NOTE_DATES.sql
2025-04-29 13:52:10,839 - INFO - Executing V1.1.22__UPDATE_VEHICLE.sql...
2025-04-29 13:52:10,842 - INFO - Successfully executed V1.1.22__UPDATE_VEHICLE.sql
2025-04-29 13:52:10,843 - INFO - Executing V1.1.23__FIX_VEHICLE_MAKE.sql...
2025-04-29 13:52:10,845 - INFO - Successfully executed V1.1.23__FIX_VEHICLE_MAKE.sql
2025-04-29 13:52:10,846 - INFO - Executing V1.1.24__UPDATE_COLLATERAL_INTELLECTUAL_PROPERTY_PATENTS.sql...
2025-04-29 13:52:10,855 - INFO - Successfully executed V1.1.24__UPDATE_COLLATERAL_INTELLECTUAL_PROPERTY_PATENTS.sql
2025-04-29 13:52:10,855 - INFO - Executing V1.1.25__UPDATE_VEHICLE_TABLE.sql...
2025-04-29 13:52:10,858 - INFO - Successfully executed V1.1.25__UPDATE_VEHICLE_TABLE.sql
2025-04-29 13:52:10,858 - INFO - Executing V1.1.26__ADD_CASCADE_DELETES.sql...
2025-04-29 13:52:10,909 - INFO - Successfully executed V1.1.26__ADD_CASCADE_DELETES.sql
2025-04-29 13:52:10,910 - INFO - Executing V1.1.27__ADD_TRAILER_LOOKUP.sql...
2025-04-29 13:52:10,912 - INFO - Successfully executed V1.1.27__ADD_TRAILER_LOOKUP.sql
2025-04-29 13:52:10,912 - INFO - Executing V1.1.28__PERSONAL_PROPERTY_DATES.sql...
2025-04-29 13:52:10,938 - INFO - Successfully executed V1.1.28__PERSONAL_PROPERTY_DATES.sql
2025-04-29 13:52:10,938 - INFO - Executing V1.1.29__ADD_SORT_ORDER_COLUMN_LOOKUP.sql...
2025-04-29 13:52:10,939 - INFO - Successfully executed V1.1.29__ADD_SORT_ORDER_COLUMN_LOOKUP.sql
2025-04-29 13:52:10,940 - INFO - Executing V1.1.30__TRAILER_TABLE_UPDATE.sql...
2025-04-29 13:52:10,944 - INFO - Successfully executed V1.1.30__TRAILER_TABLE_UPDATE.sql
2025-04-29 13:52:10,945 - INFO - Executing V1.1.31__UPDATE_REAL_ESTATE_TABLE.sql...
2025-04-29 13:52:10,946 - INFO - Successfully executed V1.1.31__UPDATE_REAL_ESTATE_TABLE.sql
2025-04-29 13:52:10,946 - INFO - Executing V1.1.32__UPDATE_TITLED_PROP_VESSEL_MORTGAGE.sql...
2025-04-29 13:52:10,951 - INFO - Successfully executed V1.1.32__UPDATE_TITLED_PROP_VESSEL_MORTGAGE.sql
2025-04-29 13:52:10,951 - INFO - Executing V1.1.33__REMOVE_NA_FROM_BUILDING_CARVEOUT.sql...
2025-04-29 13:52:10,953 - INFO - Successfully executed V1.1.33__REMOVE_NA_FROM_BUILDING_CARVEOUT.sql
2025-04-29 13:52:10,954 - INFO - Executing V1.1.34__ADD_COLUMNS_STOCK_AND_EQUITY.sql...
2025-04-29 13:52:10,996 - INFO - Successfully executed V1.1.34__ADD_COLUMNS_STOCK_AND_EQUITY.sql
2025-04-29 13:52:10,996 - INFO - Executing V1.1.35__CREATE_FIXTURE_TABLE.sql...
2025-04-29 13:52:11,018 - INFO - Successfully executed V1.1.35__CREATE_FIXTURE_TABLE.sql
2025-04-29 13:52:11,018 - INFO - Executing V1.1.36__UPDATE_LABEL_NAME.sql...
2025-04-29 13:52:11,019 - INFO - Successfully executed V1.1.36__UPDATE_LABEL_NAME.sql
2025-04-29 13:52:11,020 - INFO - Executing V1.1.37__UPDATE_PARCEL_STATUS_DROPDOWN.sql...
2025-04-29 13:52:11,021 - INFO - Successfully executed V1.1.37__UPDATE_PARCEL_STATUS_DROPDOWN.sql
2025-04-29 13:52:11,021 - INFO - Executing V1.1.38__FIX_PARCEL_STATUS_DROPDOWN.sql...
2025-04-29 13:52:11,021 - INFO - Successfully executed V1.1.38__FIX_PARCEL_STATUS_DROPDOWN.sql
2025-04-29 13:52:11,022 - INFO - Executing V1.1.39__SORT_ORDER_PARCEL_STATUS_DROPDOWN_ORDER.sql...
2025-04-29 13:52:11,022 - INFO - Successfully executed V1.1.39__SORT_ORDER_PARCEL_STATUS_DROPDOWN_ORDER.sql
2025-04-29 13:52:11,023 - INFO - Executing V1.1.40__UPDATE_COLLATERAL_INTELLECTUAL_PROPERTY_COPYRIGHT_TRADEMARK.sql...
2025-04-29 13:52:11,039 - INFO - Successfully executed V1.1.40__UPDATE_COLLATERAL_INTELLECTUAL_PROPERTY_COPYRIGHT_TRADEMARK.sql
2025-04-29 13:52:11,039 - INFO - Executing V1.1.41__RESET_PARCEL_STATUS_VALUES.sql...
2025-04-29 13:52:11,041 - INFO - Successfully executed V1.1.41__RESET_PARCEL_STATUS_VALUES.sql
2025-04-29 13:52:11,041 - INFO - Executing V1.1.42__UPDATE_LOOKUP_LABELS.sql...
2025-04-29 13:52:11,042 - INFO - Successfully executed V1.1.42__UPDATE_LOOKUP_LABELS.sql
2025-04-29 13:52:11,042 - INFO - Executing V1.1.43__RENAME_FIXTURE_STATUS.sql...
2025-04-29 13:52:11,045 - INFO - Successfully executed V1.1.43__RENAME_FIXTURE_STATUS.sql
2025-04-29 13:52:11,045 - INFO - Executing V1.1.44__ADD_FIXTURE_LEGAL_DESCRIPTION.sql...
2025-04-29 13:52:11,048 - INFO - Successfully executed V1.1.44__ADD_FIXTURE_LEGAL_DESCRIPTION.sql
2025-04-29 13:52:11,049 - INFO - Executing V1.1.45__ADD_RELEASE_DATE_FIXTURE.sql...
2025-04-29 13:52:11,052 - INFO - Successfully executed V1.1.45__ADD_RELEASE_DATE_FIXTURE.sql
2025-04-29 13:52:11,052 - INFO - Executing V1.1.46__REMOVE_FIXTURE_AND_ADD_COMMON_TABLES.sql...
2025-04-29 13:52:11,084 - INFO - Successfully executed V1.1.46__REMOVE_FIXTURE_AND_ADD_COMMON_TABLES.sql
2025-04-29 13:52:11,085 - INFO - Executing V1.1.47__REMOVE_NON_COMMON_TABLES.sql...
2025-04-29 13:52:11,099 - INFO - Successfully executed V1.1.47__REMOVE_NON_COMMON_TABLES.sql
2025-04-29 13:52:11,099 - INFO - Executing V1.1.48__REMOVE_COMMITMENTS_UNUSED_COLS.sql...
2025-04-29 13:52:11,101 - INFO - Successfully executed V1.1.48__REMOVE_COMMITMENTS_UNUSED_COLS.sql
2025-04-29 13:52:11,101 - INFO - Executing V1.1.49__ADD_FIXTURE_STATUS_LOOKUP.sql...
2025-04-29 13:52:11,102 - INFO - Successfully executed V1.1.49__ADD_FIXTURE_STATUS_LOOKUP.sql
2025-04-29 13:52:11,102 - INFO - Executing V1.1.50__UPDATE_LOOKUPS.sql...
2025-04-29 13:52:11,103 - INFO - Successfully executed V1.1.50__UPDATE_LOOKUPS.sql
2025-04-29 13:52:11,103 - INFO - Executing V1.1.51__UPDATE_DOCUMENTS.sql...
2025-04-29 13:52:11,105 - INFO - Successfully executed V1.1.51__UPDATE_DOCUMENTS.sql
2025-04-29 13:52:11,106 - INFO - Executing V1.1.52__UPDATE_DOCUMENTS_TYPE.sql...
2025-04-29 13:52:11,109 - INFO - Successfully executed V1.1.52__UPDATE_DOCUMENTS_TYPE.sql
2025-04-29 13:52:11,109 - INFO - Executing V1.1.53__CREATE_BAILEE_TABLE.sql...
2025-04-29 13:52:11,117 - INFO - Successfully executed V1.1.53__CREATE_BAILEE_TABLE.sql
2025-04-29 13:52:11,117 - INFO - Executing V1.1.54__CREATE_DOCUMENT_BRIDGE_TABLES.sql...
2025-04-29 13:52:11,147 - INFO - Successfully executed V1.1.54__CREATE_DOCUMENT_BRIDGE_TABLES.sql
2025-04-29 13:52:11,147 - INFO - Executing V1.1.55__UPDATE_DOCUMENT_BRIDGE_TABLE.sql...
2025-04-29 13:52:11,157 - INFO - Successfully executed V1.1.55__UPDATE_DOCUMENT_BRIDGE_TABLE.sql
2025-04-29 13:52:11,157 - INFO - Executing V1.1.56__ADD_INTERNAL_FILE_NAME_COL.sql...
2025-04-29 13:52:11,164 - INFO - Successfully executed V1.1.56__ADD_INTERNAL_FILE_NAME_COL.sql
2025-04-29 13:52:11,164 - INFO - Executing V1.1.57__UPDATE_DOCUMENT_FILE_SIZE.sql...
2025-04-29 13:52:11,171 - INFO - Successfully executed V1.1.57__UPDATE_DOCUMENT_FILE_SIZE.sql
2025-04-29 13:52:11,171 - INFO - Executing V1.1.58__REMOVE-UCC_FROM_AIRCRAFT.sql...
2025-04-29 13:52:11,172 - INFO - Successfully executed V1.1.58__REMOVE-UCC_FROM_AIRCRAFT.sql
2025-04-29 13:52:11,173 - INFO - Executing V1.1.59__CREATE_IMPROVEMENTS_TABLE.sql...
2025-04-29 13:52:11,179 - INFO - Successfully executed V1.1.59__CREATE_IMPROVEMENTS_TABLE.sql
2025-04-29 13:52:11,179 - INFO - Executing V1.1.60__ADD_IMPROVEMENT_LOOKUPS.sql...
2025-04-29 13:52:11,180 - INFO - Successfully executed V1.1.60__ADD_IMPROVEMENT_LOOKUPS.sql
2025-04-29 13:52:11,181 - INFO - Executing V1.1.61__UPDATE_IMPROVEMENT_LOOKUP.sql...
2025-04-29 13:52:11,182 - INFO - Successfully executed V1.1.61__UPDATE_IMPROVEMENT_LOOKUP.sql
2025-04-29 13:52:11,183 - INFO - Executing V1.1.62__DOCUMENT_TABLES_VERSIONS.sql...
2025-04-29 13:52:11,206 - INFO - Successfully executed V1.1.62__DOCUMENT_TABLES_VERSIONS.sql
2025-04-29 13:52:11,206 - INFO - Executing V1.1.63__UPDATE_IMPROVEMENTS_TABLE.sql...
2025-04-29 13:52:11,209 - INFO - Successfully executed V1.1.63__UPDATE_IMPROVEMENTS_TABLE.sql
2025-04-29 13:52:11,209 - INFO - Executing V1.1.64__UPDATE_HEDGE_TO_SECURITIES.sql...
2025-04-29 13:52:11,235 - INFO - Successfully executed V1.1.64__UPDATE_HEDGE_TO_SECURITIES.sql
2025-04-29 13:52:11,235 - INFO - Executing V1.1.65__UPDATE_RAILROAD_CARS_TABLE.sql...
2025-04-29 13:52:11,242 - INFO - Successfully executed V1.1.65__UPDATE_RAILROAD_CARS_TABLE.sql
2025-04-29 13:52:11,242 - INFO - Executing V1.1.66__UPDATE_HEDGE_LOOKUP.sql...
2025-04-29 13:52:11,243 - INFO - Successfully executed V1.1.66__UPDATE_HEDGE_LOOKUP.sql
2025-04-29 13:52:11,243 - INFO - Executing V1.1.67__CREATE_FZD_TABLES.sql...
2025-04-29 13:52:11,260 - INFO - Successfully executed V1.1.67__CREATE_FZD_TABLES.sql
2025-04-29 13:52:11,260 - INFO - Executing V1.1.68__ADD_VERSION_MAJOR_MINOR_DOCUMENTS.sql...
2025-04-29 13:52:11,263 - INFO - Successfully executed V1.1.68__ADD_VERSION_MAJOR_MINOR_DOCUMENTS.sql
2025-04-29 13:52:11,263 - INFO - Executing V1.1.69__CREATE_RAILROAD_CARS_TABLES.sql...
2025-04-29 13:52:11,274 - INFO - Successfully executed V1.1.69__CREATE_RAILROAD_CARS_TABLES.sql
2025-04-29 13:52:11,275 - INFO - Executing V1.1.70__CREATE_COLLATERAL_BAILEE_ASSOCIATION_TABLE.sql...
2025-04-29 13:52:11,283 - INFO - Successfully executed V1.1.70__CREATE_COLLATERAL_BAILEE_ASSOCIATION_TABLE.sql
2025-04-29 13:52:11,284 - INFO - Executing V1.1.71__RENAMING_AND_MODIFYING_RAILEQUIPMENT_TABLE.sql...
2025-04-29 13:52:11,287 - INFO - Successfully executed V1.1.71__RENAMING_AND_MODIFYING_RAILEQUIPMENT_TABLE.sql
2025-04-29 13:52:11,287 - INFO - Executing V1.1.72__FLOOD_ZONE_LOOKUPS.sql...
2025-04-29 13:52:11,288 - INFO - Successfully executed V1.1.72__FLOOD_ZONE_LOOKUPS.sql
2025-04-29 13:52:11,288 - INFO - Executing V1.1.73__ADD_COLLATERAL_PERSONAL_PROPERTY_ASSIGNED_CONTRACTS.sql...
2025-04-29 13:52:11,295 - INFO - Successfully executed V1.1.73__ADD_COLLATERAL_PERSONAL_PROPERTY_ASSIGNED_CONTRACTS.sql
2025-04-29 13:52:11,295 - INFO - Executing V1.1.74__UPDATE_FLOOD_ZONE.sql...
2025-04-29 13:52:11,317 - INFO - Successfully executed V1.1.74__UPDATE_FLOOD_ZONE.sql
2025-04-29 13:52:11,317 - INFO - Executing V1.1.75__UPDATE_IMPROVEMENTS_TABLE.sql...
2025-04-29 13:52:11,320 - INFO - Successfully executed V1.1.75__UPDATE_IMPROVEMENTS_TABLE.sql
2025-04-29 13:52:11,320 - INFO - Executing V1.1.76__MAKE_COLUMN_NOT_NULL.sql...
2025-04-29 13:52:11,322 - INFO - Successfully executed V1.1.76__MAKE_COLUMN_NOT_NULL.sql
2025-04-29 13:52:11,322 - INFO - Executing V1.1.77__RENAME_FLOOD_ZONE_REQUEST_CATEGORY.sql...
2025-04-29 13:52:11,322 - INFO - Successfully executed V1.1.77__RENAME_FLOOD_ZONE_REQUEST_CATEGORY.sql
2025-04-29 13:52:11,323 - INFO - Executing V1.1.78__ADD_ASSIGNED_CONTRACT_LOOKUP.sql...
2025-04-29 13:52:11,323 - INFO - Successfully executed V1.1.78__ADD_ASSIGNED_CONTRACT_LOOKUP.sql
2025-04-29 13:52:11,324 - INFO - Executing V1.1.79__ADD_UPDATED_LOOKUPS.sql...
2025-04-29 13:52:11,324 - INFO - Successfully executed V1.1.79__ADD_UPDATED_LOOKUPS.sql
2025-04-29 13:52:11,325 - INFO - Executing V1.1.80__UPDATE_COMMON_OWNERSHIP_COLUMN.sql...
2025-04-29 13:52:11,325 - INFO - Successfully executed V1.1.80__UPDATE_COMMON_OWNERSHIP_COLUMN.sql
2025-04-29 13:52:11,325 - INFO - Executing V1.1.81__UPDATE_RELATED_PARTY_LOOKUPS.sql...
2025-04-29 13:52:11,326 - INFO - Successfully executed V1.1.81__UPDATE_RELATED_PARTY_LOOKUPS.sql
2025-04-29 13:52:11,326 - INFO - Executing V1.1.82__UPDATE_LOOKUP_SORT.sql...
2025-04-29 13:52:11,327 - INFO - Successfully executed V1.1.82__UPDATE_LOOKUP_SORT.sql
2025-04-29 13:52:11,327 - INFO - Executing V1.1.83__ADD_SITE_PARCEL_GEOPOINT.sql...
